{"/Users/mac/Desktop/githubLibrary/calc/src/index.js": {"path":"/Users/mac/Desktop/githubLibrary/calc/src/index.js","all":false,"statementMap":{"0":{"start":{"line":1,"column":0},"end":{"line":1,"column":14}},"1":{"start":{"line":2,"column":0},"end":{"line":2,"column":12}},"2":{"start":{"line":3,"column":0},"end":{"line":3,"column":22}},"3":{"start":{"line":4,"column":0},"end":{"line":4,"column":33}},"4":{"start":{"line":5,"column":0},"end":{"line":5,"column":27}},"5":{"start":{"line":6,"column":0},"end":{"line":6,"column":37}},"6":{"start":{"line":7,"column":0},"end":{"line":7,"column":65}},"7":{"start":{"line":8,"column":0},"end":{"line":8,"column":48}},"8":{"start":{"line":9,"column":0},"end":{"line":9,"column":14}},"9":{"start":{"line":10,"column":0},"end":{"line":10,"column":4}},"10":{"start":{"line":11,"column":0},"end":{"line":11,"column":42}},"11":{"start":{"line":12,"column":0},"end":{"line":12,"column":26}},"12":{"start":{"line":13,"column":0},"end":{"line":13,"column":66}},"13":{"start":{"line":14,"column":0},"end":{"line":14,"column":3}},"14":{"start":{"line":15,"column":0},"end":{"line":15,"column":103}},"15":{"start":{"line":16,"column":0},"end":{"line":16,"column":52}},"16":{"start":{"line":17,"column":0},"end":{"line":17,"column":4}},"17":{"start":{"line":18,"column":0},"end":{"line":18,"column":0}},"18":{"start":{"line":19,"column":0},"end":{"line":19,"column":26}},"19":{"start":{"line":20,"column":0},"end":{"line":20,"column":28}},"20":{"start":{"line":21,"column":0},"end":{"line":21,"column":19}},"21":{"start":{"line":22,"column":0},"end":{"line":22,"column":31}},"22":{"start":{"line":23,"column":0},"end":{"line":23,"column":5}},"23":{"start":{"line":24,"column":0},"end":{"line":24,"column":34}},"24":{"start":{"line":25,"column":0},"end":{"line":25,"column":29}},"25":{"start":{"line":26,"column":0},"end":{"line":26,"column":16}},"26":{"start":{"line":27,"column":0},"end":{"line":27,"column":7}},"27":{"start":{"line":28,"column":0},"end":{"line":28,"column":47}},"28":{"start":{"line":29,"column":0},"end":{"line":29,"column":59}},"29":{"start":{"line":30,"column":0},"end":{"line":30,"column":28}},"30":{"start":{"line":31,"column":0},"end":{"line":31,"column":28}},"31":{"start":{"line":32,"column":0},"end":{"line":32,"column":97}},"32":{"start":{"line":33,"column":0},"end":{"line":33,"column":7}},"33":{"start":{"line":34,"column":0},"end":{"line":34,"column":81}},"34":{"start":{"line":35,"column":0},"end":{"line":35,"column":5}},"35":{"start":{"line":36,"column":0},"end":{"line":36,"column":32}},"36":{"start":{"line":37,"column":0},"end":{"line":37,"column":24}},"37":{"start":{"line":38,"column":0},"end":{"line":38,"column":19}},"38":{"start":{"line":39,"column":0},"end":{"line":39,"column":26}},"39":{"start":{"line":40,"column":0},"end":{"line":40,"column":12}},"40":{"start":{"line":41,"column":0},"end":{"line":41,"column":14}},"41":{"start":{"line":42,"column":0},"end":{"line":42,"column":53}},"42":{"start":{"line":43,"column":0},"end":{"line":43,"column":14}},"43":{"start":{"line":44,"column":0},"end":{"line":44,"column":37}},"44":{"start":{"line":45,"column":0},"end":{"line":45,"column":21}},"45":{"start":{"line":46,"column":0},"end":{"line":46,"column":9}},"46":{"start":{"line":47,"column":0},"end":{"line":47,"column":32}},"47":{"start":{"line":48,"column":0},"end":{"line":48,"column":34}},"48":{"start":{"line":49,"column":0},"end":{"line":49,"column":9}},"49":{"start":{"line":50,"column":0},"end":{"line":50,"column":36}},"50":{"start":{"line":51,"column":0},"end":{"line":51,"column":30}},"51":{"start":{"line":52,"column":0},"end":{"line":52,"column":37}},"52":{"start":{"line":53,"column":0},"end":{"line":53,"column":62}},"53":{"start":{"line":54,"column":0},"end":{"line":54,"column":11}},"54":{"start":{"line":55,"column":0},"end":{"line":55,"column":9}},"55":{"start":{"line":56,"column":0},"end":{"line":56,"column":29}},"56":{"start":{"line":57,"column":0},"end":{"line":57,"column":26}},"57":{"start":{"line":58,"column":0},"end":{"line":58,"column":48}},"58":{"start":{"line":59,"column":0},"end":{"line":59,"column":22}},"59":{"start":{"line":60,"column":0},"end":{"line":60,"column":19}},"60":{"start":{"line":61,"column":0},"end":{"line":61,"column":29}},"61":{"start":{"line":62,"column":0},"end":{"line":62,"column":47}},"62":{"start":{"line":63,"column":0},"end":{"line":63,"column":34}},"63":{"start":{"line":64,"column":0},"end":{"line":64,"column":9}},"64":{"start":{"line":65,"column":0},"end":{"line":65,"column":29}},"65":{"start":{"line":66,"column":0},"end":{"line":66,"column":7}},"66":{"start":{"line":67,"column":0},"end":{"line":67,"column":5}},"67":{"start":{"line":68,"column":0},"end":{"line":68,"column":44}},"68":{"start":{"line":69,"column":0},"end":{"line":69,"column":17}},"69":{"start":{"line":70,"column":0},"end":{"line":70,"column":5}},"70":{"start":{"line":71,"column":0},"end":{"line":71,"column":28}},"71":{"start":{"line":72,"column":0},"end":{"line":72,"column":15}},"72":{"start":{"line":73,"column":0},"end":{"line":73,"column":0}},"73":{"start":{"line":74,"column":0},"end":{"line":74,"column":6}},"74":{"start":{"line":75,"column":0},"end":{"line":75,"column":0}},"75":{"start":{"line":76,"column":0},"end":{"line":76,"column":9}},"76":{"start":{"line":77,"column":0},"end":{"line":77,"column":50}},"77":{"start":{"line":78,"column":0},"end":{"line":78,"column":33}},"78":{"start":{"line":79,"column":0},"end":{"line":79,"column":32}},"79":{"start":{"line":80,"column":0},"end":{"line":80,"column":26}},"80":{"start":{"line":81,"column":0},"end":{"line":81,"column":5}},"81":{"start":{"line":82,"column":0},"end":{"line":82,"column":31}},"82":{"start":{"line":83,"column":0},"end":{"line":83,"column":25}},"83":{"start":{"line":84,"column":0},"end":{"line":84,"column":5}},"84":{"start":{"line":85,"column":0},"end":{"line":85,"column":3}},"85":{"start":{"line":86,"column":0},"end":{"line":86,"column":0}},"86":{"start":{"line":87,"column":0},"end":{"line":87,"column":0}},"87":{"start":{"line":88,"column":0},"end":{"line":88,"column":73}},"88":{"start":{"line":89,"column":0},"end":{"line":89,"column":25}},"89":{"start":{"line":90,"column":0},"end":{"line":90,"column":3}},"90":{"start":{"line":91,"column":0},"end":{"line":91,"column":38}},"91":{"start":{"line":92,"column":0},"end":{"line":92,"column":17}},"92":{"start":{"line":93,"column":0},"end":{"line":93,"column":37}},"93":{"start":{"line":94,"column":0},"end":{"line":94,"column":3}},"94":{"start":{"line":95,"column":0},"end":{"line":95,"column":0}},"95":{"start":{"line":96,"column":0},"end":{"line":96,"column":4}}},"s":{"0":1,"1":1,"2":1,"3":1,"4":1,"5":11,"6":11,"7":0,"8":11,"9":11,"10":1,"11":11,"12":11,"13":11,"14":1,"15":10,"16":10,"17":1,"18":1,"19":1,"20":5,"21":5,"22":5,"23":1,"24":4,"25":0,"26":0,"27":4,"28":4,"29":4,"30":11,"31":11,"32":11,"33":4,"34":4,"35":1,"36":1,"37":1,"38":1,"39":5,"40":5,"41":5,"42":5,"43":5,"44":0,"45":0,"46":5,"47":1,"48":1,"49":4,"50":5,"51":11,"52":0,"53":0,"54":11,"55":4,"56":4,"57":4,"58":4,"59":4,"60":4,"61":5,"62":7,"63":7,"64":4,"65":4,"66":1,"67":1,"68":5,"69":5,"70":1,"71":1,"72":1,"73":1,"74":1,"75":1,"76":1,"77":1,"78":0,"79":0,"80":0,"81":0,"82":0,"83":0,"84":0,"85":1,"86":1,"87":1,"88":1,"89":1,"90":1,"91":1,"92":1,"93":1,"94":1,"95":1},"branchMap":{"0":{"type":"branch","line":2,"loc":{"start":{"line":2,"column":1},"end":{"line":96,"column":4}},"locations":[{"start":{"line":2,"column":1},"end":{"line":96,"column":4}}]},"1":{"type":"branch","line":5,"loc":{"start":{"line":5,"column":11},"end":{"line":10,"column":4}},"locations":[{"start":{"line":5,"column":11},"end":{"line":10,"column":4}}]},"2":{"type":"branch","line":6,"loc":{"start":{"line":6,"column":22},"end":{"line":6,"column":29}},"locations":[{"start":{"line":6,"column":22},"end":{"line":6,"column":29}}]},"3":{"type":"branch","line":7,"loc":{"start":{"line":7,"column":11},"end":{"line":8,"column":48}},"locations":[{"start":{"line":7,"column":11},"end":{"line":8,"column":48}}]},"4":{"type":"branch","line":11,"loc":{"start":{"line":11,"column":15},"end":{"line":14,"column":3}},"locations":[{"start":{"line":11,"column":15},"end":{"line":14,"column":3}}]},"5":{"type":"branch","line":13,"loc":{"start":{"line":13,"column":12},"end":{"line":13,"column":55}},"locations":[{"start":{"line":13,"column":12},"end":{"line":13,"column":55}}]},"6":{"type":"branch","line":15,"loc":{"start":{"line":15,"column":94},"end":{"line":17,"column":4}},"locations":[{"start":{"line":15,"column":94},"end":{"line":17,"column":4}}]},"7":{"type":"branch","line":19,"loc":{"start":{"line":19,"column":14},"end":{"line":74,"column":6}},"locations":[{"start":{"line":19,"column":14},"end":{"line":74,"column":6}}]},"8":{"type":"branch","line":20,"loc":{"start":{"line":20,"column":15},"end":{"line":23,"column":5}},"locations":[{"start":{"line":20,"column":15},"end":{"line":23,"column":5}}]},"9":{"type":"branch","line":24,"loc":{"start":{"line":24,"column":18},"end":{"line":35,"column":5}},"locations":[{"start":{"line":24,"column":18},"end":{"line":35,"column":5}}]},"10":{"type":"branch","line":25,"loc":{"start":{"line":25,"column":28},"end":{"line":27,"column":7}},"locations":[{"start":{"line":25,"column":28},"end":{"line":27,"column":7}}]},"11":{"type":"branch","line":30,"loc":{"start":{"line":30,"column":27},"end":{"line":33,"column":7}},"locations":[{"start":{"line":30,"column":27},"end":{"line":33,"column":7}}]},"12":{"type":"branch","line":32,"loc":{"start":{"line":32,"column":8},"end":{"line":32,"column":43}},"locations":[{"start":{"line":32,"column":8},"end":{"line":32,"column":43}}]},"13":{"type":"branch","line":32,"loc":{"start":{"line":32,"column":8},"end":{"line":32,"column":97}},"locations":[{"start":{"line":32,"column":8},"end":{"line":32,"column":97}}]},"14":{"type":"branch","line":34,"loc":{"start":{"line":34,"column":13},"end":{"line":34,"column":38}},"locations":[{"start":{"line":34,"column":13},"end":{"line":34,"column":38}}]},"15":{"type":"branch","line":34,"loc":{"start":{"line":34,"column":13},"end":{"line":34,"column":81}},"locations":[{"start":{"line":34,"column":13},"end":{"line":34,"column":81}}]},"16":{"type":"branch","line":28,"loc":{"start":{"line":28,"column":25},"end":{"line":28,"column":35}},"locations":[{"start":{"line":28,"column":25},"end":{"line":28,"column":35}}]},"17":{"type":"branch","line":39,"loc":{"start":{"line":39,"column":13},"end":{"line":66,"column":7}},"locations":[{"start":{"line":39,"column":13},"end":{"line":66,"column":7}}]},"18":{"type":"branch","line":44,"loc":{"start":{"line":44,"column":36},"end":{"line":46,"column":9}},"locations":[{"start":{"line":44,"column":36},"end":{"line":46,"column":9}}]},"19":{"type":"branch","line":47,"loc":{"start":{"line":47,"column":31},"end":{"line":49,"column":9}},"locations":[{"start":{"line":47,"column":31},"end":{"line":49,"column":9}}]},"20":{"type":"branch","line":50,"loc":{"start":{"line":50,"column":-1},"end":{"line":51,"column":15}},"locations":[{"start":{"line":50,"column":-1},"end":{"line":51,"column":15}}]},"21":{"type":"branch","line":51,"loc":{"start":{"line":51,"column":29},"end":{"line":55,"column":9}},"locations":[{"start":{"line":51,"column":29},"end":{"line":55,"column":9}}]},"22":{"type":"branch","line":52,"loc":{"start":{"line":52,"column":36},"end":{"line":54,"column":11}},"locations":[{"start":{"line":52,"column":36},"end":{"line":54,"column":11}}]},"23":{"type":"branch","line":56,"loc":{"start":{"line":56,"column":-1},"end":{"line":62,"column":15}},"locations":[{"start":{"line":56,"column":-1},"end":{"line":62,"column":15}}]},"24":{"type":"branch","line":62,"loc":{"start":{"line":62,"column":46},"end":{"line":64,"column":9}},"locations":[{"start":{"line":62,"column":46},"end":{"line":64,"column":9}}]},"25":{"type":"branch","line":65,"loc":{"start":{"line":65,"column":-1},"end":{"line":66,"column":7}},"locations":[{"start":{"line":65,"column":-1},"end":{"line":66,"column":7}}]},"26":{"type":"branch","line":58,"loc":{"start":{"line":58,"column":29},"end":{"line":58,"column":48}},"locations":[{"start":{"line":58,"column":29},"end":{"line":58,"column":48}}]},"27":{"type":"branch","line":68,"loc":{"start":{"line":68,"column":31},"end":{"line":70,"column":5}},"locations":[{"start":{"line":68,"column":31},"end":{"line":70,"column":5}}]}},"b":{"0":[1],"1":[11],"2":[0],"3":[0],"4":[11],"5":[0],"6":[10],"7":[1],"8":[5],"9":[4],"10":[0],"11":[11],"12":[7],"13":[4],"14":[3],"15":[1],"16":[11],"17":[5],"18":[0],"19":[1],"20":[4],"21":[11],"22":[0],"23":[4],"24":[7],"25":[4],"26":[11],"27":[5]},"fnMap":{"0":{"name":"toType","decl":{"start":{"line":5,"column":11},"end":{"line":10,"column":4}},"loc":{"start":{"line":5,"column":11},"end":{"line":10,"column":4}},"line":5},"1":{"name":"isNumberic","decl":{"start":{"line":11,"column":15},"end":{"line":14,"column":3}},"loc":{"start":{"line":11,"column":15},"end":{"line":14,"column":3}},"line":11},"2":{"name":"calc","decl":{"start":{"line":20,"column":15},"end":{"line":23,"column":5}},"loc":{"start":{"line":20,"column":15},"end":{"line":23,"column":5}},"line":20},"3":{"name":"isScale","decl":{"start":{"line":24,"column":18},"end":{"line":35,"column":5}},"loc":{"start":{"line":24,"column":18},"end":{"line":35,"column":5}},"line":24},"4":{"name":"minus","decl":{"start":{"line":39,"column":13},"end":{"line":66,"column":7}},"loc":{"start":{"line":39,"column":13},"end":{"line":66,"column":7}},"line":39},"5":{"name":"calc.fn.init","decl":{"start":{"line":68,"column":31},"end":{"line":70,"column":5}},"loc":{"start":{"line":68,"column":31},"end":{"line":70,"column":5}},"line":68},"6":{"name":"Object.<anonymous>.calc.noConflict","decl":{"start":{"line":78,"column":20},"end":{"line":85,"column":3}},"loc":{"start":{"line":78,"column":20},"end":{"line":85,"column":3}},"line":78}},"f":{"0":11,"1":11,"2":5,"3":4,"4":5,"5":5,"6":0}}
}
