TN:
SF:src/index.js
FN:5,toType
FN:11,isNumberic
FN:20,calc
FN:24,isScale
FN:39,minus
FN:68,calc.fn.init
FN:78,Object.<anonymous>.calc.noConflict
FNF:7
FNH:6
FNDA:11,toType
FNDA:11,isNumberic
FNDA:5,calc
FNDA:4,isScale
FNDA:5,minus
FNDA:5,calc.fn.init
FNDA:0,Object.<anonymous>.calc.noConflict
DA:1,1
DA:2,1
DA:3,1
DA:4,1
DA:5,1
DA:6,11
DA:7,11
DA:8,0
DA:9,11
DA:10,11
DA:11,1
DA:12,11
DA:13,11
DA:14,11
DA:15,1
DA:16,10
DA:17,10
DA:18,1
DA:19,1
DA:20,1
DA:21,5
DA:22,5
DA:23,5
DA:24,1
DA:25,4
DA:26,0
DA:27,0
DA:28,4
DA:29,4
DA:30,4
DA:31,11
DA:32,11
DA:33,11
DA:34,4
DA:35,4
DA:36,1
DA:37,1
DA:38,1
DA:39,1
DA:40,5
DA:41,5
DA:42,5
DA:43,5
DA:44,5
DA:45,0
DA:46,0
DA:47,5
DA:48,1
DA:49,1
DA:50,4
DA:51,5
DA:52,11
DA:53,0
DA:54,0
DA:55,11
DA:56,4
DA:57,4
DA:58,4
DA:59,4
DA:60,4
DA:61,4
DA:62,5
DA:63,7
DA:64,7
DA:65,4
DA:66,4
DA:67,1
DA:68,1
DA:69,5
DA:70,5
DA:71,1
DA:72,1
DA:73,1
DA:74,1
DA:75,1
DA:76,1
DA:77,1
DA:78,1
DA:79,0
DA:80,0
DA:81,0
DA:82,0
DA:83,0
DA:84,0
DA:85,0
DA:86,1
DA:87,1
DA:88,1
DA:89,1
DA:90,1
DA:91,1
DA:92,1
DA:93,1
DA:94,1
DA:95,1
DA:96,1
LF:96
LH:82
BRDA:2,0,0,1
BRDA:5,1,0,11
BRDA:6,2,0,0
BRDA:7,3,0,0
BRDA:11,4,0,11
BRDA:13,5,0,0
BRDA:15,6,0,10
BRDA:19,7,0,1
BRDA:20,8,0,5
BRDA:24,9,0,4
BRDA:25,10,0,0
BRDA:30,11,0,11
BRDA:32,12,0,7
BRDA:32,13,0,4
BRDA:34,14,0,3
BRDA:34,15,0,1
BRDA:28,16,0,11
BRDA:39,17,0,5
BRDA:44,18,0,0
BRDA:47,19,0,1
BRDA:50,20,0,4
BRDA:51,21,0,11
BRDA:52,22,0,0
BRDA:56,23,0,4
BRDA:62,24,0,7
BRDA:65,25,0,4
BRDA:58,26,0,11
BRDA:68,27,0,5
BRF:28
BRH:22
end_of_record
